<?xml version="1.0" encoding="utf-8"?><testsuites name="pytest tests"><testsuite name="pytest" errors="0" failures="0" skipped="0" tests="10" time="1.232" timestamp="2026-09-01T16:30:12.752462+00:00" hostname="agent-env-43fd93c2-ebb5-41bb-aa0a-2c1ccc74a5d4"><testcase classname="tests.backend_test.TestSimRuns" name="test_create_and_persist" time="0.413" /><testcase classname="tests.backend_test.TestDemoRequests" name="test_create_and_persist" time="0.433" /><testcase classname="tests.backend_test.TestSimRuns" name="test_create_validation_error" time="0.075" /><testcase classname="tests.backend_test.TestDemoRequests" name="test_create_minimal_optional_fields" time="0.133" /><testcase classname="tests.backend_test.TestSimRuns" name="test_list_shape" time="0.086" /><testcase classname="tests.backend_test.TestDemoRequests" name="test_create_validation_error" time="0.162" /><testcase classname="tests.backend_test.TestMisc" name="test_unknown_route_404" time="0.078" /><testcase classname="tests.backend_test.TestMisc" name="test_cors_header_present" time="0.128" /><testcase classname="tests.backend_test.TestDemoRequests" name="test_sorted_desc_by_created_at" time="0.083" /><testcase classname="tests.backend_test.TestRoot" name="test_root" time="0.083" /></testsuite></testsuites>