<?xml version="1.0" encoding="utf-8"?><testsuites name="pytest tests"><testsuite name="pytest" errors="0" failures="0" skipped="0" tests="10" time="1.267" timestamp="2026-09-01T17:26:43.488987+00:00" hostname="agent-env-43fd93c2-ebb5-41bb-aa0a-2c1ccc74a5d4"><testcase classname="tests.backend_test.TestSimRuns" name="test_create_and_persist" time="0.468" /><testcase classname="tests.backend_test.TestDemoRequests" name="test_create_and_persist" time="0.544" /><testcase classname="tests.backend_test.TestSimRuns" name="test_create_validation_error" time="0.153" /><testcase classname="tests.backend_test.TestDemoRequests" name="test_create_minimal_optional_fields" time="0.106" /><testcase classname="tests.backend_test.TestSimRuns" name="test_list_shape" time="0.095" /><testcase classname="tests.backend_test.TestDemoRequests" name="test_create_validation_error" time="0.104" /><testcase classname="tests.backend_test.TestMisc" name="test_unknown_route_404" time="0.096" /><testcase classname="tests.backend_test.TestDemoRequests" name="test_sorted_desc_by_created_at" time="0.073" /><testcase classname="tests.backend_test.TestMisc" name="test_cors_header_present" time="0.095" /><testcase classname="tests.backend_test.TestRoot" name="test_root" time="0.077" /></testsuite></testsuites>